CRITICAL - 2024-05-21 10:50:38 --> CodeIgniter\View\Exceptions\ViewException: Invalid file: "users/layout/header.php"
[Method: GET, Route: users/dashboard]
in SYSTEMPATH\Exceptions\FrameworkException.php on line 41.
 1 SYSTEMPATH\View\View.php(222): CodeIgniter\Exceptions\FrameworkException::forInvalidFile('users/layout/header.php')
 2 SYSTEMPATH\Common.php(1171): CodeIgniter\View\View->render('users/layout/header', [], true)
 3 APPPATH\Views\users\dashboard.php(14): view('users/layout/header')
 4 SYSTEMPATH\View\View.php(234): include('C:\\xampp\\htdocs\\my_project\\app\\Views\\users\\dashboard.php')
 5 SYSTEMPATH\View\View.php(237): CodeIgniter\View\View->CodeIgniter\View\{closure}()
 6 SYSTEMPATH\Common.php(1171): CodeIgniter\View\View->render('users/dashboard', [], true)
 7 APPPATH\Controllers\UserDashboard.php(19): view('users/dashboard', [...])
 8 SYSTEMPATH\CodeIgniter.php(933): App\Controllers\UserDashboard->index()
 9 SYSTEMPATH\CodeIgniter.php(509): CodeIgniter\CodeIgniter->runController(Object(App\Controllers\UserDashboard))
10 SYSTEMPATH\CodeIgniter.php(355): CodeIgniter\CodeIgniter->handleRequest(null, Object(Config\Cache), false)
11 SYSTEMPATH\Boot.php(312): CodeIgniter\CodeIgniter->run()
12 SYSTEMPATH\Boot.php(67): CodeIgniter\Boot::runCodeIgniter(Object(CodeIgniter\CodeIgniter))
13 FCPATH\index.php(56): CodeIgniter\Boot::bootWeb(Object(Config\Paths))
14 SYSTEMPATH\Commands\Server\rewrite.php(49): require_once('C:\\xampp\\htdocs\\my_project\\public\\index.php')
CRITICAL - 2024-05-21 10:51:04 --> CodeIgniter\View\Exceptions\ViewException: Invalid file: "users/layout/footer.php"
[Method: GET, Route: users/dashboard]
in SYSTEMPATH\Exceptions\FrameworkException.php on line 41.
 1 SYSTEMPATH\View\View.php(222): CodeIgniter\Exceptions\FrameworkException::forInvalidFile('users/layout/footer.php')
 2 SYSTEMPATH\Common.php(1171): CodeIgniter\View\View->render('users/layout/footer', [], true)
 3 APPPATH\Views\users\dashboard.php(24): view('users/layout/footer')
 4 SYSTEMPATH\View\View.php(234): include('C:\\xampp\\htdocs\\my_project\\app\\Views\\users\\dashboard.php')
 5 SYSTEMPATH\View\View.php(237): CodeIgniter\View\View->CodeIgniter\View\{closure}()
 6 SYSTEMPATH\Common.php(1171): CodeIgniter\View\View->render('users/dashboard', [], true)
 7 APPPATH\Controllers\UserDashboard.php(19): view('users/dashboard', [...])
 8 SYSTEMPATH\CodeIgniter.php(933): App\Controllers\UserDashboard->index()
 9 SYSTEMPATH\CodeIgniter.php(509): CodeIgniter\CodeIgniter->runController(Object(App\Controllers\UserDashboard))
10 SYSTEMPATH\CodeIgniter.php(355): CodeIgniter\CodeIgniter->handleRequest(null, Object(Config\Cache), false)
11 SYSTEMPATH\Boot.php(312): CodeIgniter\CodeIgniter->run()
12 SYSTEMPATH\Boot.php(67): CodeIgniter\Boot::runCodeIgniter(Object(CodeIgniter\CodeIgniter))
13 FCPATH\index.php(56): CodeIgniter\Boot::bootWeb(Object(Config\Paths))
14 SYSTEMPATH\Commands\Server\rewrite.php(49): require_once('C:\\xampp\\htdocs\\my_project\\public\\index.php')
CRITICAL - 2024-05-21 10:51:25 --> CodeIgniter\View\Exceptions\ViewException: Invalid file: "users/layout/footer.php"
[Method: GET, Route: users/dashboard]
in SYSTEMPATH\Exceptions\FrameworkException.php on line 41.
 1 SYSTEMPATH\View\View.php(222): CodeIgniter\Exceptions\FrameworkException::forInvalidFile('users/layout/footer.php')
 2 SYSTEMPATH\Common.php(1171): CodeIgniter\View\View->render('users/layout/footer', [], true)
 3 APPPATH\Views\users\dashboard.php(24): view('users/layout/footer')
 4 SYSTEMPATH\View\View.php(234): include('C:\\xampp\\htdocs\\my_project\\app\\Views\\users\\dashboard.php')
 5 SYSTEMPATH\View\View.php(237): CodeIgniter\View\View->CodeIgniter\View\{closure}()
 6 SYSTEMPATH\Common.php(1171): CodeIgniter\View\View->render('users/dashboard', [], true)
 7 APPPATH\Controllers\UserDashboard.php(19): view('users/dashboard', [...])
 8 SYSTEMPATH\CodeIgniter.php(933): App\Controllers\UserDashboard->index()
 9 SYSTEMPATH\CodeIgniter.php(509): CodeIgniter\CodeIgniter->runController(Object(App\Controllers\UserDashboard))
10 SYSTEMPATH\CodeIgniter.php(355): CodeIgniter\CodeIgniter->handleRequest(null, Object(Config\Cache), false)
11 SYSTEMPATH\Boot.php(312): CodeIgniter\CodeIgniter->run()
12 SYSTEMPATH\Boot.php(67): CodeIgniter\Boot::runCodeIgniter(Object(CodeIgniter\CodeIgniter))
13 FCPATH\index.php(56): CodeIgniter\Boot::bootWeb(Object(Config\Paths))
14 SYSTEMPATH\Commands\Server\rewrite.php(49): require_once('C:\\xampp\\htdocs\\my_project\\public\\index.php')
CRITICAL - 2024-05-21 10:58:31 --> CodeIgniter\View\Exceptions\ViewException: Invalid file: "layouts/user.php"
[Method: GET, Route: users/dashboard]
in SYSTEMPATH\Exceptions\FrameworkException.php on line 41.
 1 SYSTEMPATH\View\View.php(222): CodeIgniter\Exceptions\FrameworkException::forInvalidFile('layouts/user.php')
 2 SYSTEMPATH\View\View.php(250): CodeIgniter\View\View->render('layouts/user', [], true)
 3 SYSTEMPATH\Common.php(1171): CodeIgniter\View\View->render('users/dashboard', [], true)
 4 APPPATH\Controllers\UserDashboard.php(19): view('users/dashboard', [...])
 5 SYSTEMPATH\CodeIgniter.php(933): App\Controllers\UserDashboard->index()
 6 SYSTEMPATH\CodeIgniter.php(509): CodeIgniter\CodeIgniter->runController(Object(App\Controllers\UserDashboard))
 7 SYSTEMPATH\CodeIgniter.php(355): CodeIgniter\CodeIgniter->handleRequest(null, Object(Config\Cache), false)
 8 SYSTEMPATH\Boot.php(312): CodeIgniter\CodeIgniter->run()
 9 SYSTEMPATH\Boot.php(67): CodeIgniter\Boot::runCodeIgniter(Object(CodeIgniter\CodeIgniter))
10 FCPATH\index.php(56): CodeIgniter\Boot::bootWeb(Object(Config\Paths))
11 SYSTEMPATH\Commands\Server\rewrite.php(49): require_once('C:\\xampp\\htdocs\\my_project\\public\\index.php')
CRITICAL - 2024-05-21 10:59:10 --> CodeIgniter\View\Exceptions\ViewException: Invalid file: "user/layouts/user.php"
[Method: GET, Route: users/dashboard]
in SYSTEMPATH\Exceptions\FrameworkException.php on line 41.
 1 SYSTEMPATH\View\View.php(222): CodeIgniter\Exceptions\FrameworkException::forInvalidFile('user/layouts/user.php')
 2 SYSTEMPATH\View\View.php(250): CodeIgniter\View\View->render('user/layouts/user', [], true)
 3 SYSTEMPATH\Common.php(1171): CodeIgniter\View\View->render('users/dashboard', [], true)
 4 APPPATH\Controllers\UserDashboard.php(19): view('users/dashboard', [...])
 5 SYSTEMPATH\CodeIgniter.php(933): App\Controllers\UserDashboard->index()
 6 SYSTEMPATH\CodeIgniter.php(509): CodeIgniter\CodeIgniter->runController(Object(App\Controllers\UserDashboard))
 7 SYSTEMPATH\CodeIgniter.php(355): CodeIgniter\CodeIgniter->handleRequest(null, Object(Config\Cache), false)
 8 SYSTEMPATH\Boot.php(312): CodeIgniter\CodeIgniter->run()
 9 SYSTEMPATH\Boot.php(67): CodeIgniter\Boot::runCodeIgniter(Object(CodeIgniter\CodeIgniter))
10 FCPATH\index.php(56): CodeIgniter\Boot::bootWeb(Object(Config\Paths))
11 SYSTEMPATH\Commands\Server\rewrite.php(49): require_once('C:\\xampp\\htdocs\\my_project\\public\\index.php')
ERROR - 2024-05-21 21:40:14 --> mysqli_sql_exception: Cannot delete or update a parent row: a foreign key constraint fails (`project_db`.`messages`, CONSTRAINT `messages_ibfk_2` FOREIGN KEY (`receiver_id`) REFERENCES `users` (`id`)) in C:\xampp\htdocs\my_project\system\Database\MySQLi\Connection.php:308
Stack trace:
#0 C:\xampp\htdocs\my_project\system\Database\MySQLi\Connection.php(308): mysqli->query('DELETE FROM `us...', 0)
#1 C:\xampp\htdocs\my_project\system\Database\BaseConnection.php(722): CodeIgniter\Database\MySQLi\Connection->execute('DELETE FROM `us...')
#2 C:\xampp\htdocs\my_project\system\Database\BaseConnection.php(636): CodeIgniter\Database\BaseConnection->simpleQuery('DELETE FROM `us...')
#3 C:\xampp\htdocs\my_project\system\Database\BaseBuilder.php(2823): CodeIgniter\Database\BaseConnection->query('DELETE FROM `us...', Array, false)
#4 C:\xampp\htdocs\my_project\system\Model.php(510): CodeIgniter\Database\BaseBuilder->delete()
#5 C:\xampp\htdocs\my_project\system\BaseModel.php(1158): CodeIgniter\Model->doDelete(Array, false)
#6 C:\xampp\htdocs\my_project\app\Controllers\Users.php(62): CodeIgniter\BaseModel->delete(Array)
#7 C:\xampp\htdocs\my_project\system\CodeIgniter.php(933): App\Controllers\Users->delete('2')
#8 C:\xampp\htdocs\my_project\system\CodeIgniter.php(509): CodeIgniter\CodeIgniter->runController(Object(App\Controllers\Users))
#9 C:\xampp\htdocs\my_project\system\CodeIgniter.php(355): CodeIgniter\CodeIgniter->handleRequest(NULL, Object(Config\Cache), false)
#10 C:\xampp\htdocs\my_project\system\Boot.php(312): CodeIgniter\CodeIgniter->run()
#11 C:\xampp\htdocs\my_project\system\Boot.php(67): CodeIgniter\Boot::runCodeIgniter(Object(CodeIgniter\CodeIgniter))
#12 C:\xampp\htdocs\my_project\public\index.php(56): CodeIgniter\Boot::bootWeb(Object(Config\Paths))
#13 C:\xampp\htdocs\my_project\system\Commands\Server\rewrite.php(49): require_once('C:\\xampp\\htdocs...')
#14 {main}
ERROR - 2024-05-21 21:40:18 --> mysqli_sql_exception: Cannot delete or update a parent row: a foreign key constraint fails (`project_db`.`messages`, CONSTRAINT `messages_ibfk_2` FOREIGN KEY (`receiver_id`) REFERENCES `users` (`id`)) in C:\xampp\htdocs\my_project\system\Database\MySQLi\Connection.php:308
Stack trace:
#0 C:\xampp\htdocs\my_project\system\Database\MySQLi\Connection.php(308): mysqli->query('DELETE FROM `us...', 0)
#1 C:\xampp\htdocs\my_project\system\Database\BaseConnection.php(722): CodeIgniter\Database\MySQLi\Connection->execute('DELETE FROM `us...')
#2 C:\xampp\htdocs\my_project\system\Database\BaseConnection.php(636): CodeIgniter\Database\BaseConnection->simpleQuery('DELETE FROM `us...')
#3 C:\xampp\htdocs\my_project\system\Database\BaseBuilder.php(2823): CodeIgniter\Database\BaseConnection->query('DELETE FROM `us...', Array, false)
#4 C:\xampp\htdocs\my_project\system\Model.php(510): CodeIgniter\Database\BaseBuilder->delete()
#5 C:\xampp\htdocs\my_project\system\BaseModel.php(1158): CodeIgniter\Model->doDelete(Array, false)
#6 C:\xampp\htdocs\my_project\app\Controllers\Users.php(62): CodeIgniter\BaseModel->delete(Array)
#7 C:\xampp\htdocs\my_project\system\CodeIgniter.php(933): App\Controllers\Users->delete('17')
#8 C:\xampp\htdocs\my_project\system\CodeIgniter.php(509): CodeIgniter\CodeIgniter->runController(Object(App\Controllers\Users))
#9 C:\xampp\htdocs\my_project\system\CodeIgniter.php(355): CodeIgniter\CodeIgniter->handleRequest(NULL, Object(Config\Cache), false)
#10 C:\xampp\htdocs\my_project\system\Boot.php(312): CodeIgniter\CodeIgniter->run()
#11 C:\xampp\htdocs\my_project\system\Boot.php(67): CodeIgniter\Boot::runCodeIgniter(Object(CodeIgniter\CodeIgniter))
#12 C:\xampp\htdocs\my_project\public\index.php(56): CodeIgniter\Boot::bootWeb(Object(Config\Paths))
#13 C:\xampp\htdocs\my_project\system\Commands\Server\rewrite.php(49): require_once('C:\\xampp\\htdocs...')
#14 {main}
ERROR - 2024-05-21 21:40:21 --> mysqli_sql_exception: Cannot delete or update a parent row: a foreign key constraint fails (`project_db`.`messages`, CONSTRAINT `messages_ibfk_2` FOREIGN KEY (`receiver_id`) REFERENCES `users` (`id`)) in C:\xampp\htdocs\my_project\system\Database\MySQLi\Connection.php:308
Stack trace:
#0 C:\xampp\htdocs\my_project\system\Database\MySQLi\Connection.php(308): mysqli->query('DELETE FROM `us...', 0)
#1 C:\xampp\htdocs\my_project\system\Database\BaseConnection.php(722): CodeIgniter\Database\MySQLi\Connection->execute('DELETE FROM `us...')
#2 C:\xampp\htdocs\my_project\system\Database\BaseConnection.php(636): CodeIgniter\Database\BaseConnection->simpleQuery('DELETE FROM `us...')
#3 C:\xampp\htdocs\my_project\system\Database\BaseBuilder.php(2823): CodeIgniter\Database\BaseConnection->query('DELETE FROM `us...', Array, false)
#4 C:\xampp\htdocs\my_project\system\Model.php(510): CodeIgniter\Database\BaseBuilder->delete()
#5 C:\xampp\htdocs\my_project\system\BaseModel.php(1158): CodeIgniter\Model->doDelete(Array, false)
#6 C:\xampp\htdocs\my_project\app\Controllers\Users.php(62): CodeIgniter\BaseModel->delete(Array)
#7 C:\xampp\htdocs\my_project\system\CodeIgniter.php(933): App\Controllers\Users->delete('17')
#8 C:\xampp\htdocs\my_project\system\CodeIgniter.php(509): CodeIgniter\CodeIgniter->runController(Object(App\Controllers\Users))
#9 C:\xampp\htdocs\my_project\system\CodeIgniter.php(355): CodeIgniter\CodeIgniter->handleRequest(NULL, Object(Config\Cache), false)
#10 C:\xampp\htdocs\my_project\system\Boot.php(312): CodeIgniter\CodeIgniter->run()
#11 C:\xampp\htdocs\my_project\system\Boot.php(67): CodeIgniter\Boot::runCodeIgniter(Object(CodeIgniter\CodeIgniter))
#12 C:\xampp\htdocs\my_project\public\index.php(56): CodeIgniter\Boot::bootWeb(Object(Config\Paths))
#13 C:\xampp\htdocs\my_project\system\Commands\Server\rewrite.php(49): require_once('C:\\xampp\\htdocs...')
#14 {main}
CRITICAL - 2024-05-21 22:26:51 --> ErrorException: Undefined array key "published_date"
[Method: GET, Route: user/books]
in APPPATH\Views\users\books.php on line 26.
 1 APPPATH\Views\users\books.php(26): CodeIgniter\Debug\Exceptions->errorHandler(2, 'Undefined array key "published_date"', 'C:\\xampp\\htdocs\\my_project\\app\\Views\\users\\books.php', 26)
 2 SYSTEMPATH\View\View.php(234): include('C:\\xampp\\htdocs\\my_project\\app\\Views\\users\\books.php')
 3 SYSTEMPATH\View\View.php(237): CodeIgniter\View\View->CodeIgniter\View\{closure}()
 4 SYSTEMPATH\Common.php(1171): CodeIgniter\View\View->render('users/books', [], true)
 5 APPPATH\Controllers\UserBooks.php(14): view('users/books', [...])
 6 SYSTEMPATH\CodeIgniter.php(933): App\Controllers\UserBooks->index()
 7 SYSTEMPATH\CodeIgniter.php(509): CodeIgniter\CodeIgniter->runController(Object(App\Controllers\UserBooks))
 8 SYSTEMPATH\CodeIgniter.php(355): CodeIgniter\CodeIgniter->handleRequest(null, Object(Config\Cache), false)
 9 SYSTEMPATH\Boot.php(312): CodeIgniter\CodeIgniter->run()
10 SYSTEMPATH\Boot.php(67): CodeIgniter\Boot::runCodeIgniter(Object(CodeIgniter\CodeIgniter))
11 FCPATH\index.php(56): CodeIgniter\Boot::bootWeb(Object(Config\Paths))
12 SYSTEMPATH\Commands\Server\rewrite.php(49): require_once('C:\\xampp\\htdocs\\my_project\\public\\index.php')
CRITICAL - 2024-05-21 22:31:31 --> ErrorException: Undefined array key "published_date"
[Method: GET, Route: user/announcements]
in APPPATH\Views\users\announcements.php on line 21.
 1 APPPATH\Views\users\announcements.php(21): CodeIgniter\Debug\Exceptions->errorHandler(2, 'Undefined array key "published_date"', 'C:\\xampp\\htdocs\\my_project\\app\\Views\\users\\announcements.php', 21)
 2 SYSTEMPATH\View\View.php(234): include('C:\\xampp\\htdocs\\my_project\\app\\Views\\users\\announcements.php')
 3 SYSTEMPATH\View\View.php(237): CodeIgniter\View\View->CodeIgniter\View\{closure}()
 4 SYSTEMPATH\Common.php(1171): CodeIgniter\View\View->render('users/announcements', [], true)
 5 APPPATH\Controllers\UserAnnouncements.php(14): view('users/announcements', [...])
 6 SYSTEMPATH\CodeIgniter.php(933): App\Controllers\UserAnnouncements->index()
 7 SYSTEMPATH\CodeIgniter.php(509): CodeIgniter\CodeIgniter->runController(Object(App\Controllers\UserAnnouncements))
 8 SYSTEMPATH\CodeIgniter.php(355): CodeIgniter\CodeIgniter->handleRequest(null, Object(Config\Cache), false)
 9 SYSTEMPATH\Boot.php(312): CodeIgniter\CodeIgniter->run()
10 SYSTEMPATH\Boot.php(67): CodeIgniter\Boot::runCodeIgniter(Object(CodeIgniter\CodeIgniter))
11 FCPATH\index.php(56): CodeIgniter\Boot::bootWeb(Object(Config\Paths))
12 SYSTEMPATH\Commands\Server\rewrite.php(49): require_once('C:\\xampp\\htdocs\\my_project\\public\\index.php')
CRITICAL - 2024-05-21 22:33:55 --> ErrorException: Undefined array key "published_date"
[Method: GET, Route: users/dashboard]
in APPPATH\Views\users\dashboard.php on line 26.
 1 APPPATH\Views\users\dashboard.php(26): CodeIgniter\Debug\Exceptions->errorHandler(2, 'Undefined array key "published_date"', 'C:\\xampp\\htdocs\\my_project\\app\\Views\\users\\dashboard.php', 26)
 2 SYSTEMPATH\View\View.php(234): include('C:\\xampp\\htdocs\\my_project\\app\\Views\\users\\dashboard.php')
 3 SYSTEMPATH\View\View.php(237): CodeIgniter\View\View->CodeIgniter\View\{closure}()
 4 SYSTEMPATH\Common.php(1171): CodeIgniter\View\View->render('users/dashboard', [], true)
 5 APPPATH\Controllers\UserDashboard.php(20): view('users/dashboard', [...])
 6 SYSTEMPATH\CodeIgniter.php(933): App\Controllers\UserDashboard->index()
 7 SYSTEMPATH\CodeIgniter.php(509): CodeIgniter\CodeIgniter->runController(Object(App\Controllers\UserDashboard))
 8 SYSTEMPATH\CodeIgniter.php(355): CodeIgniter\CodeIgniter->handleRequest(null, Object(Config\Cache), false)
 9 SYSTEMPATH\Boot.php(312): CodeIgniter\CodeIgniter->run()
10 SYSTEMPATH\Boot.php(67): CodeIgniter\Boot::runCodeIgniter(Object(CodeIgniter\CodeIgniter))
11 FCPATH\index.php(56): CodeIgniter\Boot::bootWeb(Object(Config\Paths))
12 SYSTEMPATH\Commands\Server\rewrite.php(49): require_once('C:\\xampp\\htdocs\\my_project\\public\\index.php')
CRITICAL - 2024-05-21 22:34:06 --> ErrorException: Undefined variable $books
[Method: GET, Route: users/dashboard]
in APPPATH\Views\users\dashboard.php on line 41.
 1 APPPATH\Views\users\dashboard.php(41): CodeIgniter\Debug\Exceptions->errorHandler(2, 'Undefined variable $books', 'C:\\xampp\\htdocs\\my_project\\app\\Views\\users\\dashboard.php', 41)
 2 SYSTEMPATH\View\View.php(234): include('C:\\xampp\\htdocs\\my_project\\app\\Views\\users\\dashboard.php')
 3 SYSTEMPATH\View\View.php(237): CodeIgniter\View\View->CodeIgniter\View\{closure}()
 4 SYSTEMPATH\Common.php(1171): CodeIgniter\View\View->render('users/dashboard', [], true)
 5 APPPATH\Controllers\UserDashboard.php(20): view('users/dashboard', [...])
 6 SYSTEMPATH\CodeIgniter.php(933): App\Controllers\UserDashboard->index()
 7 SYSTEMPATH\CodeIgniter.php(509): CodeIgniter\CodeIgniter->runController(Object(App\Controllers\UserDashboard))
 8 SYSTEMPATH\CodeIgniter.php(355): CodeIgniter\CodeIgniter->handleRequest(null, Object(Config\Cache), false)
 9 SYSTEMPATH\Boot.php(312): CodeIgniter\CodeIgniter->run()
10 SYSTEMPATH\Boot.php(67): CodeIgniter\Boot::runCodeIgniter(Object(CodeIgniter\CodeIgniter))
11 FCPATH\index.php(56): CodeIgniter\Boot::bootWeb(Object(Config\Paths))
12 SYSTEMPATH\Commands\Server\rewrite.php(49): require_once('C:\\xampp\\htdocs\\my_project\\public\\index.php')
CRITICAL - 2024-05-21 22:35:07 --> ErrorException: Undefined array key "published_date"
[Method: GET, Route: users/dashboard]
in APPPATH\Views\users\dashboard.php on line 26.
 1 APPPATH\Views\users\dashboard.php(26): CodeIgniter\Debug\Exceptions->errorHandler(2, 'Undefined array key "published_date"', 'C:\\xampp\\htdocs\\my_project\\app\\Views\\users\\dashboard.php', 26)
 2 SYSTEMPATH\View\View.php(234): include('C:\\xampp\\htdocs\\my_project\\app\\Views\\users\\dashboard.php')
 3 SYSTEMPATH\View\View.php(237): CodeIgniter\View\View->CodeIgniter\View\{closure}()
 4 SYSTEMPATH\Common.php(1171): CodeIgniter\View\View->render('users/dashboard', [], true)
 5 APPPATH\Controllers\UserDashboard.php(20): view('users/dashboard', [...])
 6 SYSTEMPATH\CodeIgniter.php(933): App\Controllers\UserDashboard->index()
 7 SYSTEMPATH\CodeIgniter.php(509): CodeIgniter\CodeIgniter->runController(Object(App\Controllers\UserDashboard))
 8 SYSTEMPATH\CodeIgniter.php(355): CodeIgniter\CodeIgniter->handleRequest(null, Object(Config\Cache), false)
 9 SYSTEMPATH\Boot.php(312): CodeIgniter\CodeIgniter->run()
10 SYSTEMPATH\Boot.php(67): CodeIgniter\Boot::runCodeIgniter(Object(CodeIgniter\CodeIgniter))
11 FCPATH\index.php(56): CodeIgniter\Boot::bootWeb(Object(Config\Paths))
12 SYSTEMPATH\Commands\Server\rewrite.php(49): require_once('C:\\xampp\\htdocs\\my_project\\public\\index.php')
CRITICAL - 2024-05-21 22:45:15 --> ErrorException: Undefined array key "published_date"
[Method: GET, Route: users/dashboard]
in APPPATH\Views\users\dashboard.php on line 23.
 1 APPPATH\Views\users\dashboard.php(23): CodeIgniter\Debug\Exceptions->errorHandler(2, 'Undefined array key "published_date"', 'C:\\xampp\\htdocs\\my_project\\app\\Views\\users\\dashboard.php', 23)
 2 SYSTEMPATH\View\View.php(234): include('C:\\xampp\\htdocs\\my_project\\app\\Views\\users\\dashboard.php')
 3 SYSTEMPATH\View\View.php(237): CodeIgniter\View\View->CodeIgniter\View\{closure}()
 4 SYSTEMPATH\Common.php(1171): CodeIgniter\View\View->render('users/dashboard', [], true)
 5 APPPATH\Controllers\UserDashboard.php(20): view('users/dashboard', [...])
 6 SYSTEMPATH\CodeIgniter.php(933): App\Controllers\UserDashboard->index()
 7 SYSTEMPATH\CodeIgniter.php(509): CodeIgniter\CodeIgniter->runController(Object(App\Controllers\UserDashboard))
 8 SYSTEMPATH\CodeIgniter.php(355): CodeIgniter\CodeIgniter->handleRequest(null, Object(Config\Cache), false)
 9 SYSTEMPATH\Boot.php(312): CodeIgniter\CodeIgniter->run()
10 SYSTEMPATH\Boot.php(67): CodeIgniter\Boot::runCodeIgniter(Object(CodeIgniter\CodeIgniter))
11 FCPATH\index.php(56): CodeIgniter\Boot::bootWeb(Object(Config\Paths))
12 SYSTEMPATH\Commands\Server\rewrite.php(49): require_once('C:\\xampp\\htdocs\\my_project\\public\\index.php')
CRITICAL - 2024-05-21 22:46:02 --> ErrorException: Undefined variable $books
[Method: GET, Route: users/dashboard]
in APPPATH\Views\users\dashboard.php on line 19.
 1 APPPATH\Views\users\dashboard.php(19): CodeIgniter\Debug\Exceptions->errorHandler(2, 'Undefined variable $books', 'C:\\xampp\\htdocs\\my_project\\app\\Views\\users\\dashboard.php', 19)
 2 SYSTEMPATH\View\View.php(234): include('C:\\xampp\\htdocs\\my_project\\app\\Views\\users\\dashboard.php')
 3 SYSTEMPATH\View\View.php(237): CodeIgniter\View\View->CodeIgniter\View\{closure}()
 4 SYSTEMPATH\Common.php(1171): CodeIgniter\View\View->render('users/dashboard', [], true)
 5 APPPATH\Controllers\UserDashboard.php(20): view('users/dashboard', [...])
 6 SYSTEMPATH\CodeIgniter.php(933): App\Controllers\UserDashboard->index()
 7 SYSTEMPATH\CodeIgniter.php(509): CodeIgniter\CodeIgniter->runController(Object(App\Controllers\UserDashboard))
 8 SYSTEMPATH\CodeIgniter.php(355): CodeIgniter\CodeIgniter->handleRequest(null, Object(Config\Cache), false)
 9 SYSTEMPATH\Boot.php(312): CodeIgniter\CodeIgniter->run()
10 SYSTEMPATH\Boot.php(67): CodeIgniter\Boot::runCodeIgniter(Object(CodeIgniter\CodeIgniter))
11 FCPATH\index.php(56): CodeIgniter\Boot::bootWeb(Object(Config\Paths))
12 SYSTEMPATH\Commands\Server\rewrite.php(49): require_once('C:\\xampp\\htdocs\\my_project\\public\\index.php')
CRITICAL - 2024-05-21 22:46:12 --> ErrorException: Undefined variable $books
[Method: GET, Route: users/dashboard]
in APPPATH\Views\users\dashboard.php on line 19.
 1 APPPATH\Views\users\dashboard.php(19): CodeIgniter\Debug\Exceptions->errorHandler(2, 'Undefined variable $books', 'C:\\xampp\\htdocs\\my_project\\app\\Views\\users\\dashboard.php', 19)
 2 SYSTEMPATH\View\View.php(234): include('C:\\xampp\\htdocs\\my_project\\app\\Views\\users\\dashboard.php')
 3 SYSTEMPATH\View\View.php(237): CodeIgniter\View\View->CodeIgniter\View\{closure}()
 4 SYSTEMPATH\Common.php(1171): CodeIgniter\View\View->render('users/dashboard', [], true)
 5 APPPATH\Controllers\UserDashboard.php(20): view('users/dashboard', [...])
 6 SYSTEMPATH\CodeIgniter.php(933): App\Controllers\UserDashboard->index()
 7 SYSTEMPATH\CodeIgniter.php(509): CodeIgniter\CodeIgniter->runController(Object(App\Controllers\UserDashboard))
 8 SYSTEMPATH\CodeIgniter.php(355): CodeIgniter\CodeIgniter->handleRequest(null, Object(Config\Cache), false)
 9 SYSTEMPATH\Boot.php(312): CodeIgniter\CodeIgniter->run()
10 SYSTEMPATH\Boot.php(67): CodeIgniter\Boot::runCodeIgniter(Object(CodeIgniter\CodeIgniter))
11 FCPATH\index.php(56): CodeIgniter\Boot::bootWeb(Object(Config\Paths))
12 SYSTEMPATH\Commands\Server\rewrite.php(49): require_once('C:\\xampp\\htdocs\\my_project\\public\\index.php')
