CRITICAL - 2024-05-20 20:58:49 --> CodeIgniter\View\Exceptions\ViewException: Invalid file: "templates/adminlte.php"
[Method: GET, Route: messages/read/1]
in SYSTEMPATH\Exceptions\FrameworkException.php on line 41.
 1 SYSTEMPATH\View\View.php(222): CodeIgniter\Exceptions\FrameworkException::forInvalidFile('templates/adminlte.php')
 2 SYSTEMPATH\View\View.php(250): CodeIgniter\View\View->render('templates/adminlte', [], true)
 3 SYSTEMPATH\Common.php(1171): CodeIgniter\View\View->render('admin/messages/read', [], true)
 4 APPPATH\Controllers\Messages.php(44): view('admin/messages/read', [...])
 5 SYSTEMPATH\CodeIgniter.php(933): App\Controllers\Messages->read('1')
 6 SYSTEMPATH\CodeIgniter.php(509): CodeIgniter\CodeIgniter->runController(Object(App\Controllers\Messages))
 7 SYSTEMPATH\CodeIgniter.php(355): CodeIgniter\CodeIgniter->handleRequest(null, Object(Config\Cache), false)
 8 SYSTEMPATH\Boot.php(312): CodeIgniter\CodeIgniter->run()
 9 SYSTEMPATH\Boot.php(67): CodeIgniter\Boot::runCodeIgniter(Object(CodeIgniter\CodeIgniter))
10 FCPATH\index.php(56): CodeIgniter\Boot::bootWeb(Object(Config\Paths))
11 SYSTEMPATH\Commands\Server\rewrite.php(49): require_once('C:\\xampp\\htdocs\\my_project\\public\\index.php')
CRITICAL - 2024-05-20 21:04:32 --> CodeIgniter\View\Exceptions\ViewException: Invalid file: "templates/navbar.php"
[Method: GET, Route: dashboard]
in SYSTEMPATH\Exceptions\FrameworkException.php on line 41.
 1 SYSTEMPATH\View\View.php(222): CodeIgniter\Exceptions\FrameworkException::forInvalidFile('templates/navbar.php')
 2 SYSTEMPATH\View\View.php(484): CodeIgniter\View\View->render('templates/navbar', null, true)
 3 APPPATH\Views\layouts\footer.php(15): CodeIgniter\View\View->include('templates/navbar')
 4 SYSTEMPATH\View\View.php(234): include('C:\\xampp\\htdocs\\my_project\\app\\Views\\layouts\\footer.php')
 5 SYSTEMPATH\View\View.php(237): CodeIgniter\View\View->CodeIgniter\View\{closure}()
 6 SYSTEMPATH\View\View.php(484): CodeIgniter\View\View->render('layouts/footer', null, true)
 7 APPPATH\Views\layouts\admin.php(82): CodeIgniter\View\View->include('layouts/footer')
 8 SYSTEMPATH\View\View.php(234): include('C:\\xampp\\htdocs\\my_project\\app\\Views\\layouts\\admin.php')
 9 SYSTEMPATH\View\View.php(237): CodeIgniter\View\View->CodeIgniter\View\{closure}()
10 SYSTEMPATH\View\View.php(250): CodeIgniter\View\View->render('layouts/admin', [], true)
11 SYSTEMPATH\Common.php(1171): CodeIgniter\View\View->render('admin/dashboard', [], true)
12 APPPATH\Controllers\Dashboard.php(25): view('admin/dashboard', [...])
13 SYSTEMPATH\CodeIgniter.php(933): App\Controllers\Dashboard->index()
14 SYSTEMPATH\CodeIgniter.php(509): CodeIgniter\CodeIgniter->runController(Object(App\Controllers\Dashboard))
15 SYSTEMPATH\CodeIgniter.php(355): CodeIgniter\CodeIgniter->handleRequest(null, Object(Config\Cache), false)
16 SYSTEMPATH\Boot.php(312): CodeIgniter\CodeIgniter->run()
17 SYSTEMPATH\Boot.php(67): CodeIgniter\Boot::runCodeIgniter(Object(CodeIgniter\CodeIgniter))
18 FCPATH\index.php(56): CodeIgniter\Boot::bootWeb(Object(Config\Paths))
19 SYSTEMPATH\Commands\Server\rewrite.php(49): require_once('C:\\xampp\\htdocs\\my_project\\public\\index.php')
CRITICAL - 2024-05-20 21:53:54 --> CodeIgniter\View\Exceptions\ViewException: Invalid file: "auth/login.php"
[Method: GET, Route: login]
in SYSTEMPATH\Exceptions\FrameworkException.php on line 41.
 1 SYSTEMPATH\View\View.php(222): CodeIgniter\Exceptions\FrameworkException::forInvalidFile('auth/login.php')
 2 SYSTEMPATH\Common.php(1171): CodeIgniter\View\View->render('auth/login', [], true)
 3 APPPATH\Controllers\Auth.php(13): view('auth/login')
 4 SYSTEMPATH\CodeIgniter.php(933): App\Controllers\Auth->login()
 5 SYSTEMPATH\CodeIgniter.php(509): CodeIgniter\CodeIgniter->runController(Object(App\Controllers\Auth))
 6 SYSTEMPATH\CodeIgniter.php(355): CodeIgniter\CodeIgniter->handleRequest(null, Object(Config\Cache), false)
 7 SYSTEMPATH\Boot.php(312): CodeIgniter\CodeIgniter->run()
 8 SYSTEMPATH\Boot.php(67): CodeIgniter\Boot::runCodeIgniter(Object(CodeIgniter\CodeIgniter))
 9 FCPATH\index.php(56): CodeIgniter\Boot::bootWeb(Object(Config\Paths))
10 SYSTEMPATH\Commands\Server\rewrite.php(49): require_once('C:\\xampp\\htdocs\\my_project\\public\\index.php')
